============================= test session starts ==============================
platform darwin -- Python 3.12.0, pytest-9.0.3, pluggy-1.6.0
rootdir: /Users/quangdung/Documents/collect_invoice
configfile: pytest.ini
plugins: asyncio-1.3.0, anyio-4.13.0
asyncio: mode=Mode.AUTO, debug=False, asyncio_default_fixture_loop_scope=None, asyncio_default_test_loop_scope=function
collected 71 items

tests/application/test_export_excel.py ..                                [  2%]
tests/application/test_process_invoice.py ........                       [ 14%]
tests/application/test_process_invoice_line_items.py EE                  [ 16%]
tests/application/test_review_and_confirm.py .....                       [ 23%]
tests/application/test_review_confirm_line_items.py FF                   [ 26%]
tests/domain/test_entities.py F..                                        [ 30%]
tests/domain/test_invoice_line_item.py F                                 [ 32%]
tests/domain/test_notification_port.py ....                              [ 38%]
tests/domain/test_value_objects.py ....                                  [ 43%]
tests/infrastructure/test_console_notifier.py ...                        [ 47%]
tests/infrastructure/test_excel_detail_writer.py FFF                     [ 52%]
tests/infrastructure/test_excel_writer.py FF                             [ 54%]
tests/infrastructure/test_ollama_client.py F                             [ 56%]
tests/infrastructure/test_pdf_parser.py ..                               [ 59%]
tests/infrastructure/test_sqlite_repo.py ..F.FFF..F                      [ 73%]
tests/infrastructure/test_sqlite_repo_line_items.py FF                   [ 76%]
tests/infrastructure/test_telegram_notifier.py F....                     [ 83%]
tests/infrastructure/test_xml_line_items.py ...                          [ 87%]
tests/infrastructure/test_xml_parser.py .FFF                             [ 92%]
tests/presentation/test_web_router.py .....                              [100%]

==================================== ERRORS ====================================
_________ ERROR at setup of test_xml_saves_line_items_from_xml_parser __________

    @pytest.fixture
    def use_case():
        repo = AsyncMock()
        repo.find_duplicate = AsyncMock(return_value=None)
        llm = AsyncMock()
>       llm.extract_invoice.return_value = ([make_item()], [make_line_item()])
                                             ^^^^^^^^^^^

tests/application/test_process_invoice_line_items.py:34: 
_ _ _ _ _ _ _ _ _ _ _ _ _ _ _ _ _ _ _ _ _ _ _ _ _ _ _ _ _ _ _ _ _ _ _ _ _ _ _ _ 

    def make_item():
>       return InvoiceItem(
            invoice_symbol="1C26TAA", invoice_number="49",
            invoice_date=date(2026, 3, 12), seller_name="Cty XYZ",
            seller_tax_code="0901212659", description="Mua vật tư",
            price_before_tax=Decimal("8344000"), tax_rate=Decimal("0.10"),
            price_after_tax=Decimal("834400"),
        )
E       TypeError: InvoiceItem.__init__() missing 1 required positional argument: 'seller_address'

tests/application/test_process_invoice_line_items.py:11: TypeError
_____________ ERROR at setup of test_pdf_saves_line_items_from_llm _____________

    @pytest.fixture
    def use_case():
        repo = AsyncMock()
        repo.find_duplicate = AsyncMock(return_value=None)
        llm = AsyncMock()
>       llm.extract_invoice.return_value = ([make_item()], [make_line_item()])
                                             ^^^^^^^^^^^

tests/application/test_process_invoice_line_items.py:34: 
_ _ _ _ _ _ _ _ _ _ _ _ _ _ _ _ _ _ _ _ _ _ _ _ _ _ _ _ _ _ _ _ _ _ _ _ _ _ _ _ 

    def make_item():
>       return InvoiceItem(
            invoice_symbol="1C26TAA", invoice_number="49",
            invoice_date=date(2026, 3, 12), seller_name="Cty XYZ",
            seller_tax_code="0901212659", description="Mua vật tư",
            price_before_tax=Decimal("8344000"), tax_rate=Decimal("0.10"),
            price_after_tax=Decimal("834400"),
        )
E       TypeError: InvoiceItem.__init__() missing 1 required positional argument: 'seller_address'

tests/application/test_process_invoice_line_items.py:11: TypeError
=================================== FAILURES ===================================
_______________________ test_confirm_calls_detail_writer _______________________

use_case = (<app.application.use_cases.review_and_confirm.ReviewAndConfirmUseCase object at 0x1069d8530>, <AsyncMock id='4405848464'>, <AsyncMock id='4405904880'>, <AsyncMock id='4405913760'>, <AsyncMock id='4405909632'>)

    @pytest.mark.asyncio
    async def test_confirm_calls_detail_writer(use_case):
        uc, repo, storage, excel, excel_detail = use_case
>       line_items = [make_line_item()]
                      ^^^^^^^^^^^^^^^^

tests/application/test_review_confirm_line_items.py:59: 
_ _ _ _ _ _ _ _ _ _ _ _ _ _ _ _ _ _ _ _ _ _ _ _ _ _ _ _ _ _ _ _ _ _ _ _ _ _ _ _ 

    def make_line_item():
>       return InvoiceLineItem(
            invoice_symbol="1C26TAA", invoice_number="49",
            invoice_date=date(2026, 3, 12), seller_name="Cty XYZ",
            seller_tax_code="0901212659", ten_hang_hoa="Thép tấm",
            don_vi_tinh="Kg", so_luong=Decimal("298"), don_gia=Decimal("28000"),
            thanh_tien=Decimal("8344000"), tax_rate=Decimal("0.10"),
            tax_amount=Decimal("834400"),
        )
E       TypeError: InvoiceLineItem.__init__() missing 1 required positional argument: 'seller_address'

tests/application/test_review_confirm_line_items.py:22: TypeError
______________________ test_confirm_uploads_detail_excel _______________________

use_case = (<app.application.use_cases.review_and_confirm.ReviewAndConfirmUseCase object at 0x1069f4ad0>, <AsyncMock id='4405967088'>, <AsyncMock id='4405962096'>, <AsyncMock id='4406008320'>, <AsyncMock id='4406003424'>)

    @pytest.mark.asyncio
    async def test_confirm_uploads_detail_excel(use_case):
        uc, repo, storage, excel, excel_detail = use_case
>       await uc.finalize_confirm(job_id="job-1", updated_items=[make_item()], updated_line_items=[make_line_item()])
                                                                 ^^^^^^^^^^^

tests/application/test_review_confirm_line_items.py:68: 
_ _ _ _ _ _ _ _ _ _ _ _ _ _ _ _ _ _ _ _ _ _ _ _ _ _ _ _ _ _ _ _ _ _ _ _ _ _ _ _ 

    def make_item():
>       return InvoiceItem(
            invoice_symbol="1C26TAA", invoice_number="49",
            invoice_date=date(2026, 3, 12), seller_name="Cty XYZ",
            seller_tax_code="0901212659", description="Mua vật tư",
            price_before_tax=Decimal("8344000"), tax_rate=Decimal("0.10"),
            price_after_tax=Decimal("834400"),
        )
E       TypeError: InvoiceItem.__init__() missing 1 required positional argument: 'seller_address'

tests/application/test_review_confirm_line_items.py:13: TypeError
__________________________ test_invoice_item_creation __________________________

    def test_invoice_item_creation():
>       item = InvoiceItem(
            invoice_symbol="1C26TAA",
            invoice_number="49",
            invoice_date=date(2026, 3, 12),
            seller_name="Công ty TNHH XYZ",
            seller_tax_code="0901212659",
            description="Mua vật tư",
            price_before_tax=Decimal("29030000"),
            tax_rate=Decimal("0.10"),
            price_after_tax=Decimal("2903000"),
        )
E       TypeError: InvoiceItem.__init__() missing 1 required positional argument: 'seller_address'

tests/domain/test_entities.py:11: TypeError
_______________________ test_invoice_line_item_defaults ________________________

    def test_invoice_line_item_defaults():
>       item = InvoiceLineItem(
            invoice_symbol="1C26TAA",
            invoice_number="49",
            invoice_date=date(2026, 3, 12),
            seller_name="Cty XYZ",
            seller_tax_code="0901212659",
            ten_hang_hoa="Thép tấm 10mm",
            don_vi_tinh="Kg",
            so_luong=Decimal("298"),
            don_gia=Decimal("28000"),
            thanh_tien=Decimal("8344000"),
            tax_rate=Decimal("0.10"),
            tax_amount=Decimal("834400"),
        )
E       TypeError: InvoiceLineItem.__init__() missing 1 required positional argument: 'seller_address'

tests/domain/test_invoice_line_item.py:6: TypeError
____________________ test_append_returns_filename_and_bytes ____________________

    @pytest.mark.asyncio
    async def test_append_returns_filename_and_bytes():
        writer = OpenpyxlDetailWriter(template_path=TEMPLATE_PATH)
        filename, file_bytes = await writer.append_rows(
>           [make_line_item()], year=2026, month=3, existing_data=b""
             ^^^^^^^^^^^^^^^^
        )

tests/infrastructure/test_excel_detail_writer.py:29: 
_ _ _ _ _ _ _ _ _ _ _ _ _ _ _ _ _ _ _ _ _ _ _ _ _ _ _ _ _ _ _ _ _ _ _ _ _ _ _ _ 

kwargs = {}
defaults = {'don_gia': Decimal('28000'), 'don_vi_tinh': 'Kg', 'invoice_date': datetime.date(2026, 3, 12), 'invoice_number': '49', ...}

    def make_line_item(**kwargs):
        defaults = dict(
            invoice_symbol="1C26TAA", invoice_number="49",
            invoice_date=date(2026, 3, 12),
            seller_name="Cty TNHH ĐT và TM Linh Chi Nguyễn",
            seller_tax_code="0901212659",
            ten_hang_hoa="Thép tấm 10mm", don_vi_tinh="Kg",
            so_luong=Decimal("298"), don_gia=Decimal("28000"),
            thanh_tien=Decimal("8344000"), tax_rate=Decimal("0.10"),
            tax_amount=Decimal("834400"),
        )
        defaults.update(kwargs)
>       return InvoiceLineItem(**defaults)
               ^^^^^^^^^^^^^^^^^^^^^^^^^^^
E       TypeError: InvoiceLineItem.__init__() missing 1 required positional argument: 'seller_address'

tests/infrastructure/test_excel_detail_writer.py:23: TypeError
___________________ test_appended_row_contains_product_name ____________________

    @pytest.mark.asyncio
    async def test_appended_row_contains_product_name():
        writer = OpenpyxlDetailWriter(template_path=TEMPLATE_PATH)
        _, file_bytes = await writer.append_rows(
>           [make_line_item(ten_hang_hoa="TEST-PRODUCT")], year=2026, month=3, existing_data=b""
             ^^^^^^^^^^^^^^^^^^^^^^^^^^^^^^^^^^^^^^^^^^^
        )

tests/infrastructure/test_excel_detail_writer.py:38: 
_ _ _ _ _ _ _ _ _ _ _ _ _ _ _ _ _ _ _ _ _ _ _ _ _ _ _ _ _ _ _ _ _ _ _ _ _ _ _ _ 

kwargs = {'ten_hang_hoa': 'TEST-PRODUCT'}
defaults = {'don_gia': Decimal('28000'), 'don_vi_tinh': 'Kg', 'invoice_date': datetime.date(2026, 3, 12), 'invoice_number': '49', ...}

    def make_line_item(**kwargs):
        defaults = dict(
            invoice_symbol="1C26TAA", invoice_number="49",
            invoice_date=date(2026, 3, 12),
            seller_name="Cty TNHH ĐT và TM Linh Chi Nguyễn",
            seller_tax_code="0901212659",
            ten_hang_hoa="Thép tấm 10mm", don_vi_tinh="Kg",
            so_luong=Decimal("298"), don_gia=Decimal("28000"),
            thanh_tien=Decimal("8344000"), tax_rate=Decimal("0.10"),
            tax_amount=Decimal("834400"),
        )
        defaults.update(kwargs)
>       return InvoiceLineItem(**defaults)
               ^^^^^^^^^^^^^^^^^^^^^^^^^^^
E       TypeError: InvoiceLineItem.__init__() missing 1 required positional argument: 'seller_address'

tests/infrastructure/test_excel_detail_writer.py:23: TypeError
_______________________ test_two_appends_accumulate_rows _______________________

    @pytest.mark.asyncio
    async def test_two_appends_accumulate_rows():
        writer = OpenpyxlDetailWriter(template_path=TEMPLATE_PATH)
        _, first_bytes = await writer.append_rows(
>           [make_line_item(ten_hang_hoa="Hàng A")], year=2026, month=3, existing_data=b""
             ^^^^^^^^^^^^^^^^^^^^^^^^^^^^^^^^^^^^^
        )

tests/infrastructure/test_excel_detail_writer.py:49: 
_ _ _ _ _ _ _ _ _ _ _ _ _ _ _ _ _ _ _ _ _ _ _ _ _ _ _ _ _ _ _ _ _ _ _ _ _ _ _ _ 

kwargs = {'ten_hang_hoa': 'Hàng A'}
defaults = {'don_gia': Decimal('28000'), 'don_vi_tinh': 'Kg', 'invoice_date': datetime.date(2026, 3, 12), 'invoice_number': '49', ...}

    def make_line_item(**kwargs):
        defaults = dict(
            invoice_symbol="1C26TAA", invoice_number="49",
            invoice_date=date(2026, 3, 12),
            seller_name="Cty TNHH ĐT và TM Linh Chi Nguyễn",
            seller_tax_code="0901212659",
            ten_hang_hoa="Thép tấm 10mm", don_vi_tinh="Kg",
            so_luong=Decimal("298"), don_gia=Decimal("28000"),
            thanh_tien=Decimal("8344000"), tax_rate=Decimal("0.10"),
            tax_amount=Decimal("834400"),
        )
        defaults.update(kwargs)
>       return InvoiceLineItem(**defaults)
               ^^^^^^^^^^^^^^^^^^^^^^^^^^^
E       TypeError: InvoiceLineItem.__init__() missing 1 required positional argument: 'seller_address'

tests/infrastructure/test_excel_detail_writer.py:23: TypeError
_________________ test_append_rows_returns_filename_and_bytes __________________

    @pytest.mark.asyncio
    async def test_append_rows_returns_filename_and_bytes():
        writer = OpenpyxlWriter(template_path=TEMPLATE_PATH)
>       filename, file_bytes = await writer.append_rows([make_item()], year=2026, month=3, existing_data=b"")
                                                         ^^^^^^^^^^^

tests/infrastructure/test_excel_writer.py:25: 
_ _ _ _ _ _ _ _ _ _ _ _ _ _ _ _ _ _ _ _ _ _ _ _ _ _ _ _ _ _ _ _ _ _ _ _ _ _ _ _ 

kwargs = {}
defaults = {'description': 'Vật tư', 'invoice_date': datetime.date(2026, 3, 12), 'invoice_number': '49', 'invoice_symbol': '1C26TAA', ...}

    def make_item(**kwargs):
        defaults = dict(
            invoice_symbol="1C26TAA", invoice_number="49",
            invoice_date=date(2026, 3, 12), seller_name="Cty XYZ",
            seller_tax_code="0901212659", description="Vật tư",
            price_before_tax=Decimal("29030000"), tax_rate=Decimal("0.10"),
            price_after_tax=Decimal("2903000"),
        )
        defaults.update(kwargs)
>       return InvoiceItem(**defaults)
               ^^^^^^^^^^^^^^^^^^^^^^^
E       TypeError: InvoiceItem.__init__() missing 1 required positional argument: 'seller_address'

tests/infrastructure/test_excel_writer.py:20: TypeError
__________________ test_appended_row_contains_invoice_number ___________________

    @pytest.mark.asyncio
    async def test_appended_row_contains_invoice_number():
        writer = OpenpyxlWriter(template_path=TEMPLATE_PATH)
>       filename, file_bytes = await writer.append_rows([make_item(invoice_number="TEST-49")], year=2026, month=3, existing_data=b"")
                                                         ^^^^^^^^^^^^^^^^^^^^^^^^^^^^^^^^^^^

tests/infrastructure/test_excel_writer.py:33: 
_ _ _ _ _ _ _ _ _ _ _ _ _ _ _ _ _ _ _ _ _ _ _ _ _ _ _ _ _ _ _ _ _ _ _ _ _ _ _ _ 

kwargs = {'invoice_number': 'TEST-49'}
defaults = {'description': 'Vật tư', 'invoice_date': datetime.date(2026, 3, 12), 'invoice_number': 'TEST-49', 'invoice_symbol': '1C26TAA', ...}

    def make_item(**kwargs):
        defaults = dict(
            invoice_symbol="1C26TAA", invoice_number="49",
            invoice_date=date(2026, 3, 12), seller_name="Cty XYZ",
            seller_tax_code="0901212659", description="Vật tư",
            price_before_tax=Decimal("29030000"), tax_rate=Decimal("0.10"),
            price_after_tax=Decimal("2903000"),
        )
        defaults.update(kwargs)
>       return InvoiceItem(**defaults)
               ^^^^^^^^^^^^^^^^^^^^^^^
E       TypeError: InvoiceItem.__init__() missing 1 required positional argument: 'seller_address'

tests/infrastructure/test_excel_writer.py:20: TypeError
______________________ test_extract_invoice_returns_items ______________________

client = <app.infrastructure.llm.ollama_client.OllamaLLMClient object at 0x106cf0680>

    async def test_extract_invoice_returns_items(client):
        from unittest.mock import MagicMock
        mock_response = MagicMock()
        mock_response.json.return_value = {
            "message": {"content": MOCK_LLM_RESPONSE}
        }
        # raise_for_status is a sync method in httpx
        mock_response.raise_for_status.return_value = None
    
        with patch("httpx.AsyncClient.post", new_callable=AsyncMock) as mock_post:
            mock_post.return_value = mock_response
            items = await client.extract_invoice("KHHDon: C26TAA\nSHDon: 00000064\n...")
>       assert len(items) == 1
E       AssertionError: assert 2 == 1
E        +  where 2 = len(([InvoiceItem(invoice_symbol='C26TAA', invoice_number='00000064', invoice_date=datetime.date(2026, 3, 18), seller_name...0000'), tax_rate=Decimal('0.08'), price_after_tax=Decimal('35600000'), id='316583dd-153f-4eeb-835f-00c6ab15cd65')], []))

tests/infrastructure/test_ollama_client.py:39: AssertionError
___________________________ test_save_and_get_items ____________________________

repo = <app.infrastructure.repositories.sqlite_job_repo.SQLiteJobRepository object at 0x1077bcc80>

    async def test_save_and_get_items(repo):
        job = ProcessingJob.create("hd001.xml", FileType.XML)
        await repo.save(job)
>       item = InvoiceItem(
            invoice_symbol="1C26TAA", invoice_number="49",
            invoice_date=date(2026, 3, 12), seller_name="Cty XYZ",
            seller_tax_code="0901212659", description="Mua vật tư",
            price_before_tax=Decimal("29030000"), tax_rate=Decimal("0.10"),
            price_after_tax=Decimal("2903000"),
        )
E       TypeError: InvoiceItem.__init__() missing 1 required positional argument: 'seller_address'

tests/infrastructure/test_sqlite_repo.py:41: TypeError
_________________ test_find_duplicate_returns_confirmed_match __________________

repo = <app.infrastructure.repositories.sqlite_job_repo.SQLiteJobRepository object at 0x11f604080>

    async def test_find_duplicate_returns_confirmed_match(repo):
        # Job gốc đã CONFIRMED
        job1 = ProcessingJob.create("hd001.xml", FileType.XML)
        await repo.save(job1)
>       item1 = InvoiceItem(
            invoice_symbol="1C26TAA", invoice_number="49",
            invoice_date=date(2026, 3, 12), seller_name="Cty XYZ",
            seller_tax_code="0901212659", description="Mua vật tư",
            price_before_tax=Decimal("29030000"), tax_rate=Decimal("0.10"),
            price_after_tax=Decimal("2903000"),
        )
E       TypeError: InvoiceItem.__init__() missing 1 required positional argument: 'seller_address'

tests/infrastructure/test_sqlite_repo.py:68: TypeError
______________ test_find_duplicate_returns_awaiting_review_match _______________

repo = <app.infrastructure.repositories.sqlite_job_repo.SQLiteJobRepository object at 0x11f604ce0>

    async def test_find_duplicate_returns_awaiting_review_match(repo):
        job1 = ProcessingJob.create("hd001.xml", FileType.XML)
        await repo.save(job1)
>       item1 = InvoiceItem(
            invoice_symbol="1C26TAA", invoice_number="49",
            invoice_date=date(2026, 3, 12), seller_name="Cty XYZ",
            seller_tax_code="0901212659", description="Mua vật tư",
            price_before_tax=Decimal("29030000"), tax_rate=Decimal("0.10"),
            price_after_tax=Decimal("2903000"),
        )
E       TypeError: InvoiceItem.__init__() missing 1 required positional argument: 'seller_address'

tests/infrastructure/test_sqlite_repo.py:86: TypeError
______________ test_find_duplicate_ignores_non_matching_statuses _______________

repo = <app.infrastructure.repositories.sqlite_job_repo.SQLiteJobRepository object at 0x11f605b80>

    async def test_find_duplicate_ignores_non_matching_statuses(repo):
        for status in [InvoiceStatus.FAILED, InvoiceStatus.REJECTED, InvoiceStatus.PENDING,
                       InvoiceStatus.PROCESSING, InvoiceStatus.CONFIRMING, InvoiceStatus.DUPLICATE]:
            job = ProcessingJob.create("hd001.xml", FileType.XML)
            await repo.save(job)
>           item = InvoiceItem(
                invoice_symbol="1C26TAA", invoice_number="49",
                invoice_date=date(2026, 3, 12), seller_name="Cty XYZ",
                seller_tax_code="0901212659", description="Mua vật tư",
                price_before_tax=Decimal("29030000"), tax_rate=Decimal("0.10"),
                price_after_tax=Decimal("2903000"),
            )
E           TypeError: InvoiceItem.__init__() missing 1 required positional argument: 'seller_address'

tests/infrastructure/test_sqlite_repo.py:106: TypeError
_____________________ test_find_duplicate_excludes_job_id ______________________

repo = <app.infrastructure.repositories.sqlite_job_repo.SQLiteJobRepository object at 0x11f6073e0>

    async def test_find_duplicate_excludes_job_id(repo):
        job1 = ProcessingJob.create("hd001.xml", FileType.XML)
        await repo.save(job1)
>       item1 = InvoiceItem(
            invoice_symbol="1C26TAA", invoice_number="49",
            invoice_date=date(2026, 3, 12), seller_name="Cty XYZ",
            seller_tax_code="0901212659", description="Mua vật tư",
            price_before_tax=Decimal("29030000"), tax_rate=Decimal("0.10"),
            price_after_tax=Decimal("2903000"),
        )
E       TypeError: InvoiceItem.__init__() missing 1 required positional argument: 'seller_address'

tests/infrastructure/test_sqlite_repo.py:140: TypeError
_________________________ test_save_and_get_line_items _________________________

repo = <app.infrastructure.repositories.sqlite_job_repo.SQLiteJobRepository object at 0x11f6a6cf0>

    async def test_save_and_get_line_items(repo):
        job = ProcessingJob.create("hd001.xml", FileType.XML)
        await repo.save(job)
>       li = make_line_item()
             ^^^^^^^^^^^^^^^^

tests/infrastructure/test_sqlite_repo_line_items.py:39: 
_ _ _ _ _ _ _ _ _ _ _ _ _ _ _ _ _ _ _ _ _ _ _ _ _ _ _ _ _ _ _ _ _ _ _ _ _ _ _ _ 

kwargs = {}
defaults = {'don_gia': Decimal('28000'), 'don_vi_tinh': 'Kg', 'invoice_date': datetime.date(2026, 3, 12), 'invoice_number': '49', ...}

    def make_line_item(**kwargs):
        defaults = dict(
            invoice_symbol="1C26TAA", invoice_number="49",
            invoice_date=date(2026, 3, 12), seller_name="Cty XYZ",
            seller_tax_code="0901212659", ten_hang_hoa="Thép tấm 10mm",
            don_vi_tinh="Kg", so_luong=Decimal("298"), don_gia=Decimal("28000"),
            thanh_tien=Decimal("8344000"), tax_rate=Decimal("0.10"),
            tax_amount=Decimal("834400"),
        )
        defaults.update(kwargs)
>       return InvoiceLineItem(**defaults)
               ^^^^^^^^^^^^^^^^^^^^^^^^^^^
E       TypeError: InvoiceLineItem.__init__() missing 1 required positional argument: 'seller_address'

tests/infrastructure/test_sqlite_repo_line_items.py:34: TypeError
_____________________ test_update_line_items_replaces_all ______________________

repo = <app.infrastructure.repositories.sqlite_job_repo.SQLiteJobRepository object at 0x11f6a50d0>

    async def test_update_line_items_replaces_all(repo):
        job = ProcessingJob.create("hd001.xml", FileType.XML)
        await repo.save(job)
>       await repo.save_line_items(job.id, [make_line_item(ten_hang_hoa="A")])
                                            ^^^^^^^^^^^^^^^^^^^^^^^^^^^^^^^^

tests/infrastructure/test_sqlite_repo_line_items.py:49: 
_ _ _ _ _ _ _ _ _ _ _ _ _ _ _ _ _ _ _ _ _ _ _ _ _ _ _ _ _ _ _ _ _ _ _ _ _ _ _ _ 

kwargs = {'ten_hang_hoa': 'A'}
defaults = {'don_gia': Decimal('28000'), 'don_vi_tinh': 'Kg', 'invoice_date': datetime.date(2026, 3, 12), 'invoice_number': '49', ...}

    def make_line_item(**kwargs):
        defaults = dict(
            invoice_symbol="1C26TAA", invoice_number="49",
            invoice_date=date(2026, 3, 12), seller_name="Cty XYZ",
            seller_tax_code="0901212659", ten_hang_hoa="Thép tấm 10mm",
            don_vi_tinh="Kg", so_luong=Decimal("298"), don_gia=Decimal("28000"),
            thanh_tien=Decimal("8344000"), tax_rate=Decimal("0.10"),
            tax_amount=Decimal("834400"),
        )
        defaults.update(kwargs)
>       return InvoiceLineItem(**defaults)
               ^^^^^^^^^^^^^^^^^^^^^^^^^^^
E       TypeError: InvoiceLineItem.__init__() missing 1 required positional argument: 'seller_address'

tests/infrastructure/test_sqlite_repo_line_items.py:34: TypeError
__________________ test_notify_new_invoice_calls_telegram_api __________________

notifier = <app.infrastructure.notifications.telegram_notifier.TelegramNotifier object at 0x11f6a4e00>

    @pytest.mark.asyncio
    async def test_notify_new_invoice_calls_telegram_api(notifier):
        mock_response = MagicMock()
        mock_response.raise_for_status = MagicMock()
    
        with patch("httpx.AsyncClient") as mock_client_cls:
            mock_client = AsyncMock()
            mock_client_cls.return_value.__aenter__ = AsyncMock(return_value=mock_client)
            mock_client_cls.return_value.__aexit__ = AsyncMock(return_value=False)
            mock_client.post = AsyncMock(return_value=mock_response)
    
            await notifier.notify_new_invoice("job-1", "hd001.xml", "Cty ABC", "0001")
    
            mock_client.post.assert_called_once()
            call_kwargs = mock_client.post.call_args
            assert "sendMessage" in call_kwargs[0][0]
            payload = call_kwargs[1]["json"]
            assert payload["chat_id"] == "-123456"
            assert "hd001.xml" in payload["text"]
            assert "Cty ABC" in payload["text"]
            assert "0001" in payload["text"]
>           assert "http://localhost:8000/review/job-1" in payload["text"]
E           AssertionError: assert 'http://localhost:8000/review/job-1' in '📄 <b>Hóa đơn mới cần xem xét</b>\n\n📁 File: hd001.xml\n🏢 Nhà cung cấp: Cty ABC\n🔢 Số hóa đơn: 0001\n🔗 Xem xét: http://localhost:8000/jobs/job-1/review'

tests/infrastructure/test_telegram_notifier.py:36: AssertionError
__________________ test_xml_extract_contains_invoice_metadata __________________

    def test_xml_extract_contains_invoice_metadata():
        result = extract_text_from_xml(SAMPLE_XML)
        # Invoice series, number, date, party details
        assert "C26TAA" in result
        assert "00000064" in result
        assert "2026-03-18" in result
        assert "0201582012" in result  # Seller MST
>       assert "0201712790" in result  # Buyer MST
        ^^^^^^^^^^^^^^^^^^^^^^^^^^^^^
E       AssertionError: assert '0201712790' in 'KHHDon: C26TAA\nSHDon: 00000064\nNLap: 2026-03-18\nNBan.Ten: CÔNG TY TNHH ĐẦU TƯ VÀ VẬN TẢI AN PHÚ\nNBan.DChi: Tổ dân... TSuat=8% TThue=\nHH3: Cước vận chuyển - Chùa Vẽ đến Nam Đình Vũ | SL=11.000000 ThTien=64900000.000000 TSuat=8% TThue='

tests/infrastructure/test_xml_parser.py:98: AssertionError
___________________ test_xml_extract_contains_invoice_items ____________________

    def test_xml_extract_contains_invoice_items():
        result = extract_text_from_xml(SAMPLE_XML)
        # Line items: quantity, price, VAT rate, totals
        assert "12.000000" in result or "12" in result  # Qty from item 2
>       assert "5900000" in result  # Unit price
        ^^^^^^^^^^^^^^^^^^^^^^^^^^
E       AssertionError: assert '5900000' in 'KHHDon: C26TAA\nSHDon: 00000064\nNLap: 2026-03-18\nNBan.Ten: CÔNG TY TNHH ĐẦU TƯ VÀ VẬN TẢI AN PHÚ\nNBan.DChi: Tổ dân... TSuat=8% TThue=\nHH3: Cước vận chuyển - Chùa Vẽ đến Nam Đình Vũ | SL=11.000000 ThTien=64900000.000000 TSuat=8% TThue='

tests/infrastructure/test_xml_parser.py:104: AssertionError
_______________________ test_xml_extract_contains_totals _______________________

    def test_xml_extract_contains_totals():
        result = extract_text_from_xml(SAMPLE_XML)
        # Invoice totals
>       assert "445000000" in result  # Total before VAT
        ^^^^^^^^^^^^^^^^^^^^^^^^^^^^
E       AssertionError: assert '445000000' in 'KHHDon: C26TAA\nSHDon: 00000064\nNLap: 2026-03-18\nNBan.Ten: CÔNG TY TNHH ĐẦU TƯ VÀ VẬN TẢI AN PHÚ\nNBan.DChi: Tổ dân... TSuat=8% TThue=\nHH3: Cước vận chuyển - Chùa Vẽ đến Nam Đình Vũ | SL=11.000000 ThTien=64900000.000000 TSuat=8% TThue='

tests/infrastructure/test_xml_parser.py:111: AssertionError
=========================== short test summary info ============================
FAILED tests/application/test_review_confirm_line_items.py::test_confirm_calls_detail_writer
FAILED tests/application/test_review_confirm_line_items.py::test_confirm_uploads_detail_excel
FAILED tests/domain/test_entities.py::test_invoice_item_creation - TypeError:...
FAILED tests/domain/test_invoice_line_item.py::test_invoice_line_item_defaults
FAILED tests/infrastructure/test_excel_detail_writer.py::test_append_returns_filename_and_bytes
FAILED tests/infrastructure/test_excel_detail_writer.py::test_appended_row_contains_product_name
FAILED tests/infrastructure/test_excel_detail_writer.py::test_two_appends_accumulate_rows
FAILED tests/infrastructure/test_excel_writer.py::test_append_rows_returns_filename_and_bytes
FAILED tests/infrastructure/test_excel_writer.py::test_appended_row_contains_invoice_number
FAILED tests/infrastructure/test_ollama_client.py::test_extract_invoice_returns_items
FAILED tests/infrastructure/test_sqlite_repo.py::test_save_and_get_items - Ty...
FAILED tests/infrastructure/test_sqlite_repo.py::test_find_duplicate_returns_confirmed_match
FAILED tests/infrastructure/test_sqlite_repo.py::test_find_duplicate_returns_awaiting_review_match
FAILED tests/infrastructure/test_sqlite_repo.py::test_find_duplicate_ignores_non_matching_statuses
FAILED tests/infrastructure/test_sqlite_repo.py::test_find_duplicate_excludes_job_id
FAILED tests/infrastructure/test_sqlite_repo_line_items.py::test_save_and_get_line_items
FAILED tests/infrastructure/test_sqlite_repo_line_items.py::test_update_line_items_replaces_all
FAILED tests/infrastructure/test_telegram_notifier.py::test_notify_new_invoice_calls_telegram_api
FAILED tests/infrastructure/test_xml_parser.py::test_xml_extract_contains_invoice_metadata
FAILED tests/infrastructure/test_xml_parser.py::test_xml_extract_contains_invoice_items
FAILED tests/infrastructure/test_xml_parser.py::test_xml_extract_contains_totals
ERROR tests/application/test_process_invoice_line_items.py::test_xml_saves_line_items_from_xml_parser
ERROR tests/application/test_process_invoice_line_items.py::test_pdf_saves_line_items_from_llm
=================== 21 failed, 48 passed, 2 errors in 5.51s ====================
